<?xml version="1.0" encoding="UTF-8"?>
<testsuite xmlns:xsi="http://www.w3.org/2001/XMLSchema-instance" xsi:noNamespaceSchemaLocation="https://maven.apache.org/surefire/maven-surefire-plugin/xsd/surefire-test-report-3.0.xsd" version="3.0" name="com.simform.users.UsersApplicationTests" time="5.658" tests="1" errors="0" skipped="0" failures="0">
  <properties>
[...]
</properties>
  <testcase name="contextLoads" classname="com.simform.users.UsersApplicationTests" time="0.538">
    <system-out><![CDATA[15:26:40.014 [main] INFO org.springframework.test.context.support.AnnotationConfigContextLoaderUtils -- Could not detect default configuration classes for test class [com.simform.users.UsersApplicationTests]: UsersApplicationTests does not declare any static, non-private, non-final, nested classes annotated with @Configuration.
15:26:40.104 [main] INFO org.springframework.boot.test.context.SpringBootTestContextBootstrapper -- Found @SpringBootConfiguration com.simform.users.UsersApplication for test class com.simform.users.UsersApplicationTests

  .   ____          _            __ _ _
 /\\ / ___'_ __ _ _(_)_ __  __ _ \ \ \ \
( ( )\___ | '_ | '_| | '_ \/ _` | \ \ \ \
 \\/  ___)| |_)| | | | | || (_| |  ) ) ) )
  '  |____| .__|_| |_|_| |_\__, | / / / /
 =========|_|==============|___/=/_/_/_/
 :: Spring Boot ::                (v3.1.0)

2023-06-15T15:26:40.530+05:30  INFO 237296 --- [           main] c.simform.users.UsersApplicationTests    : Starting UsersApplicationTests using Java 19.0.2 with PID 237296 (started by parth in /home/parth/Downloads/Register-And-Login-Using-SpringBoot-master)
2023-06-15T15:26:40.531+05:30  INFO 237296 --- [           main] c.simform.users.UsersApplicationTests    : No active profile set, falling back to 1 default profile: "default"
2023-06-15T15:26:41.265+05:30  INFO 237296 --- [           main] .s.d.r.c.RepositoryConfigurationDelegate : Bootstrapping Spring Data JPA repositories in DEFAULT mode.
2023-06-15T15:26:41.310+05:30  INFO 237296 --- [           main] .s.d.r.c.RepositoryConfigurationDelegate : Finished Spring Data repository scanning in 39 ms. Found 1 JPA repository interfaces.
2023-06-15T15:26:41.926+05:30  INFO 237296 --- [           main] o.hibernate.jpa.internal.util.LogHelper  : HHH000204: Processing PersistenceUnitInfo [name: default]
2023-06-15T15:26:41.960+05:30  INFO 237296 --- [           main] org.hibernate.Version                    : HHH000412: Hibernate ORM core version 6.2.2.Final
2023-06-15T15:26:41.962+05:30  INFO 237296 --- [           main] org.hibernate.cfg.Environment            : HHH000406: Using bytecode reflection optimizer
2023-06-15T15:26:42.055+05:30  INFO 237296 --- [           main] o.h.b.i.BytecodeProviderInitiator        : HHH000021: Bytecode provider name : bytebuddy
2023-06-15T15:26:42.163+05:30  INFO 237296 --- [           main] o.s.o.j.p.SpringPersistenceUnitInfo      : No LoadTimeWeaver setup: ignoring JPA class transformer
2023-06-15T15:26:42.184+05:30  INFO 237296 --- [           main] com.zaxxer.hikari.HikariDataSource       : HikariPool-1 - Starting...
2023-06-15T15:26:42.566+05:30  INFO 237296 --- [           main] com.zaxxer.hikari.pool.HikariPool        : HikariPool-1 - Added connection com.mysql.cj.jdbc.ConnectionImpl@360d41d0
2023-06-15T15:26:42.568+05:30  INFO 237296 --- [           main] com.zaxxer.hikari.HikariDataSource       : HikariPool-1 - Start completed.
2023-06-15T15:26:42.621+05:30  INFO 237296 --- [           main] org.hibernate.orm.dialect                : HHH035001: Using dialect: org.hibernate.dialect.MySQLDialect, version: 8.0
2023-06-15T15:26:42.918+05:30  INFO 237296 --- [           main] o.h.b.i.BytecodeProviderInitiator        : HHH000021: Bytecode provider name : bytebuddy
2023-06-15T15:26:43.374+05:30  INFO 237296 --- [           main] o.h.e.t.j.p.i.JtaPlatformInitiator       : HHH000490: Using JtaPlatform implementation: [org.hibernate.engine.transaction.jta.platform.internal.NoJtaPlatform]
2023-06-15T15:26:43.410+05:30  INFO 237296 --- [           main] j.LocalContainerEntityManagerFactoryBean : Initialized JPA EntityManagerFactory for persistence unit 'default'
2023-06-15T15:26:43.709+05:30  INFO 237296 --- [           main] o.s.d.j.r.query.QueryEnhancerFactory     : Hibernate is in classpath; If applicable, HQL parser will be used.
2023-06-15T15:26:44.136+05:30  WARN 237296 --- [           main] JpaBaseConfiguration$JpaWebConfiguration : spring.jpa.open-in-view is enabled by default. Therefore, database queries may be performed during view rendering. Explicitly configure spring.jpa.open-in-view to disable this warning
2023-06-15T15:26:44.163+05:30  WARN 237296 --- [           main] .s.s.UserDetailsServiceAutoConfiguration : 

Using generated security password: 1f33198d-f629-448b-bac1-a1ac0d050870

This generated password is for development use only. Your security configuration must be updated before running your application in production.

2023-06-15T15:26:44.576+05:30  INFO 237296 --- [           main] o.s.s.web.DefaultSecurityFilterChain     : Will secure any request with [org.springframework.security.web.session.DisableEncodeUrlFilter@29ec5005, org.springframework.security.web.context.request.async.WebAsyncManagerIntegrationFilter@42ceb67f, org.springframework.security.web.context.SecurityContextHolderFilter@5dcec8e9, org.springframework.security.web.header.HeaderWriterFilter@6c8f5262, org.springframework.web.filter.CorsFilter@52e44f71, org.springframework.security.web.authentication.logout.LogoutFilter@40e41f88, org.springframework.security.web.savedrequest.RequestCacheAwareFilter@73543048, org.springframework.security.web.servletapi.SecurityContextHolderAwareRequestFilter@1851f19f, org.springframework.security.web.authentication.AnonymousAuthenticationFilter@2e1b1d22, org.springframework.security.web.access.ExceptionTranslationFilter@6441cff1, org.springframework.security.web.access.intercept.FilterSecurityInterceptor@71ae1cb]
2023-06-15T15:26:44.855+05:30  INFO 237296 --- [           main] c.simform.users.UsersApplicationTests    : Started UsersApplicationTests in 4.594 seconds (process running for 5.656)
]]></system-out>
  </testcase>
</testsuite>